2022-06-28 18:26:52,613 [Worker-6: Loading available Gradle versions] INFO  o.e.b.c.i.u.g.PublishedGradleVersions - Gradle version information cache is up-to-date. Trying to read.
2022-06-28 18:28:46,801 [Worker-0: Loading available Gradle versions] INFO  o.e.b.c.i.u.g.PublishedGradleVersions - Gradle version information cache is up-to-date. Trying to read.
2022-06-28 18:31:50,515 [Worker-0: Loading available Gradle versions] INFO  o.e.b.c.i.u.g.PublishedGradleVersions - Gradle version information cache is up-to-date. Trying to read.
2022-06-28 19:00:22,991 [Worker-1: Loading available Gradle versions] INFO  o.e.b.c.i.u.g.PublishedGradleVersions - Gradle version information cache is up-to-date. Trying to read.
2022-06-28 19:13:17,510 [Worker-6: Building] INFO  o.e.m.c.i.l.LifecycleMappingFactory - Using org.eclipse.m2e.jdt.JarLifecycleMapping lifecycle mapping for MavenProject: Com.ssk:PracticeTestNG:0.0.1-SNAPSHOT @ C:\Users\HP\eclipse-workspace\HELLOWORLD\PracticeTestNG\pom.xml.
2022-06-28 19:13:19,792 [Worker-12: Updating Maven Dependencies] INFO  o.e.m.c.i.l.LifecycleMappingFactory - Using org.eclipse.m2e.jdt.JarLifecycleMapping lifecycle mapping for MavenProject: Com.ssk:PracticeTestNG:0.0.1-SNAPSHOT @ C:\Users\HP\eclipse-workspace\HELLOWORLD\PracticeTestNG\pom.xml.
2022-06-28 19:13:20,485 [Worker-12: Updating Maven Dependencies] ERROR o.e.m.c.i.p.r.ProjectRegistryRefreshJob - Cannot invoke "String.equalsIgnoreCase(String)" because the return value of "org.eclipse.core.runtime.IPath.getFileExtension()" is null
java.lang.NullPointerException: Cannot invoke "String.equalsIgnoreCase(String)" because the return value of "org.eclipse.core.runtime.IPath.getFileExtension()" is null
	at org.eclipse.jdt.internal.core.JavaModel.isJmod(JavaModel.java:401)
	at org.eclipse.jdt.internal.core.JavaProject.getPackageFragmentRoot0(JavaProject.java:2334)
	at org.eclipse.jdt.internal.core.DeltaProcessor$RootInfo.getPackageFragmentRoot(DeltaProcessor.java:143)
	at org.eclipse.jdt.internal.core.DeltaProcessor$RootInfo.<init>(DeltaProcessor.java:134)
	at org.eclipse.jdt.internal.core.DeltaProcessingState.getRootInfos(DeltaProcessingState.java:360)
	at org.eclipse.jdt.internal.core.DeltaProcessingState.initializeRoots(DeltaProcessingState.java:283)
	at org.eclipse.jdt.internal.core.JavaModelOperation.run(JavaModelOperation.java:737)
	at org.eclipse.core.internal.resources.Workspace.run(Workspace.java:2315)
	at org.eclipse.core.internal.resources.Workspace.run(Workspace.java:2340)
	at org.eclipse.jdt.internal.core.JavaModelOperation.runOperation(JavaModelOperation.java:811)
	at org.eclipse.jdt.core.JavaCore.setClasspathContainer(JavaCore.java:5999)
	at org.eclipse.m2e.jdt.internal.BuildPathManager.updateClasspath(BuildPathManager.java:210)
	at org.eclipse.m2e.jdt.internal.BuildPathManager.mavenProjectChanged(BuildPathManager.java:196)
	at org.eclipse.m2e.core.internal.project.registry.ProjectRegistryManager.notifyProjectChangeListeners(ProjectRegistryManager.java:806)
	at org.eclipse.m2e.core.internal.project.registry.ProjectRegistryManager.applyMutableProjectRegistry(ProjectRegistryManager.java:972)
	at org.eclipse.m2e.core.internal.project.registry.ProjectRegistryRefreshJob.lambda$0(ProjectRegistryRefreshJob.java:148)
	at org.eclipse.m2e.core.internal.embedder.MavenExecutionContext.executeBare(MavenExecutionContext.java:182)
	at org.eclipse.m2e.core.internal.embedder.MavenExecutionContext.execute(MavenExecutionContext.java:156)
	at org.eclipse.m2e.core.internal.embedder.MavenExecutionContext.execute(MavenExecutionContext.java:103)
	at org.eclipse.m2e.core.internal.embedder.MavenImpl.execute(MavenImpl.java:1416)
	at org.eclipse.m2e.core.internal.project.registry.ProjectRegistryRefreshJob.run(ProjectRegistryRefreshJob.java:83)
	at org.eclipse.core.internal.jobs.Worker.run(Worker.java:63)
2022-06-28 19:14:33,378 [Worker-0: Loading available Gradle versions] INFO  o.e.b.c.i.u.g.PublishedGradleVersions - Gradle version information cache is up-to-date. Trying to read.
2022-06-28 19:19:24,707 [Worker-13: Building] INFO  o.e.m.c.i.l.LifecycleMappingFactory - Using org.eclipse.m2e.jdt.JarLifecycleMapping lifecycle mapping for MavenProject: nopCommericalV001.Cucumber:nopCommericalV001.Cucumber:0.0.1-SNAPSHOT @ C:\Users\HP\eclipse-workspace\HELLOWORLD\nopCommericalV001.Cucumber\pom.xml.
2022-06-28 19:19:25,812 [Worker-13: Building] INFO  o.e.m.c.i.embedder.EclipseLogger - Using 'UTF-8' encoding to copy filtered resources.
2022-06-28 19:19:25,813 [Worker-13: Building] INFO  o.e.m.c.i.embedder.EclipseLogger - skip non existing resourceDirectory C:\Users\HP\eclipse-workspace\HELLOWORLD\nopCommericalV001.Cucumber\src\main\resources
2022-06-28 19:19:25,817 [Worker-13: Building] INFO  o.e.m.c.i.embedder.EclipseLogger - Using 'UTF-8' encoding to copy filtered resources.
2022-06-28 19:19:25,818 [Worker-13: Building] INFO  o.e.m.c.i.embedder.EclipseLogger - skip non existing resourceDirectory C:\Users\HP\eclipse-workspace\HELLOWORLD\nopCommericalV001.Cucumber\src\test\resources
2022-06-28 19:19:27,100 [Worker-15: Updating Maven Dependencies] INFO  o.e.m.c.i.l.LifecycleMappingFactory - Using org.eclipse.m2e.jdt.JarLifecycleMapping lifecycle mapping for MavenProject: nopCommericalV001.Cucumber:nopCommericalV001.Cucumber:0.0.1-SNAPSHOT @ C:\Users\HP\eclipse-workspace\HELLOWORLD\nopCommericalV001.Cucumber\pom.xml.
2022-06-28 19:19:28,163 [Worker-5: Building] INFO  o.e.m.c.i.embedder.EclipseLogger - Using 'UTF-8' encoding to copy filtered resources.
2022-06-28 19:19:28,164 [Worker-5: Building] INFO  o.e.m.c.i.embedder.EclipseLogger - skip non existing resourceDirectory C:\Users\HP\eclipse-workspace\HELLOWORLD\nopCommericalV001.Cucumber\src\main\resources
2022-06-28 19:19:28,168 [Worker-5: Building] INFO  o.e.m.c.i.embedder.EclipseLogger - Using 'UTF-8' encoding to copy filtered resources.
2022-06-28 19:19:28,169 [Worker-5: Building] INFO  o.e.m.c.i.embedder.EclipseLogger - skip non existing resourceDirectory C:\Users\HP\eclipse-workspace\HELLOWORLD\nopCommericalV001.Cucumber\src\test\resources
2022-06-28 19:21:24,766 [Worker-5: Building] INFO  o.e.m.c.i.embedder.EclipseLogger - Using 'UTF-8' encoding to copy filtered resources.
2022-06-28 19:21:24,768 [Worker-5: Building] INFO  o.e.m.c.i.embedder.EclipseLogger - skip non existing resourceDirectory C:\Users\HP\eclipse-workspace\HELLOWORLD\nopCommericalV001.Cucumber\src\main\resources
2022-06-28 19:21:24,773 [Worker-5: Building] INFO  o.e.m.c.i.embedder.EclipseLogger - Using 'UTF-8' encoding to copy filtered resources.
2022-06-28 19:21:24,774 [Worker-5: Building] INFO  o.e.m.c.i.embedder.EclipseLogger - skip non existing resourceDirectory C:\Users\HP\eclipse-workspace\HELLOWORLD\nopCommericalV001.Cucumber\src\test\resources
2022-06-28 19:38:14,078 [Worker-0: Loading available Gradle versions] INFO  o.e.b.c.i.u.g.PublishedGradleVersions - Gradle version information cache is up-to-date. Trying to read.
2022-06-29 08:12:31,027 [Worker-1: Loading available Gradle versions] INFO  o.e.b.c.i.u.g.PublishedGradleVersions - Gradle version information cache is up-to-date. Trying to read.
2022-06-29 08:13:58,702 [Worker-3: Loading available Gradle versions] INFO  o.e.b.c.i.u.g.PublishedGradleVersions - Gradle version information cache is up-to-date. Trying to read.
2022-06-29 08:20:52,388 [Worker-15: Building] INFO  o.e.m.c.i.l.LifecycleMappingFactory - Using org.eclipse.m2e.jdt.JarLifecycleMapping lifecycle mapping for MavenProject: nopCommericalV001.Cucumber:nopCommericalV001.Cucumber:0.0.1-SNAPSHOT @ C:\Users\HP\eclipse-workspace\HELLOWORLD\nopCommericalV001.Cucumber\pom.xml.
2022-06-29 08:20:54,320 [Worker-15: Building] INFO  o.e.m.c.i.embedder.EclipseLogger - Using 'UTF-8' encoding to copy filtered resources.
2022-06-29 08:20:54,321 [Worker-15: Building] INFO  o.e.m.c.i.embedder.EclipseLogger - skip non existing resourceDirectory C:\Users\HP\eclipse-workspace\HELLOWORLD\nopCommericalV001.Cucumber\src\main\resources
2022-06-29 08:20:54,329 [Worker-15: Building] INFO  o.e.m.c.i.embedder.EclipseLogger - Using 'UTF-8' encoding to copy filtered resources.
2022-06-29 08:20:54,330 [Worker-15: Building] INFO  o.e.m.c.i.embedder.EclipseLogger - skip non existing resourceDirectory C:\Users\HP\eclipse-workspace\HELLOWORLD\nopCommericalV001.Cucumber\src\test\resources
